<?xml version="1.0" encoding="UTF-8"?>
<!-- Generated by org.testng.reporters.JUnitReportReporter -->
<testsuite hostname="POOLW42SLPC2431" failures="0" tests="1" name="NewTest" time="3.812" errors="0" timestamp="20 Dec 2018 12:58:41 GMT" skipped="0">
  <testcase classname="NewTest" name="test" time="3.812"/>
</testsuite> <!-- NewTest -->
